<?xml version="1.0" encoding="UTF-8" ?>
<!DOCTYPE log4j:configuration SYSTEM "log4j.dtd">
<log4j:configuration xmlns:log4j='http://jakarta.apache.org/log4j/'>
    <!-- Appender that writes all log messages in the html test report, when 
        they are logged while a test runs. -->
    <!-- Console appender for the rest. -->
    <appender name="console" class="org.apache.log4j.ConsoleAppender">
        <param name="Target" value="System.out" />
        <layout class="org.apache.log4j.PatternLayout">
            <param name="ConversionPattern" value="%d{dd.MM.yyyy HH:mm:ss} [%-5p]: %c{2} - %m%n" />
        </layout>
    </appender>

    <root>
        <level value="INFO" />
        <appender-ref ref="console" />
    </root>
</log4j:configuration>