<?xml version="1.0" encoding="UTF-8" ?>
<!DOCTYPE log4j:configuration SYSTEM "log4j.dtd">
<log4j:configuration xmlns:log4j='http://jakarta.apache.org/log4j/'>
    <appender name="console" class="org.apache.log4j.ConsoleAppender">
        <param name="Target" value="System.out" />
        <layout class="org.apache.log4j.PatternLayout">
            <param name="ConversionPattern" value="%d{dd.MM.yyyy HH:mm:ss} [%t] [%-5p]: %c{2} - %m%n" />
        </layout>
    </appender>

    <!-- Define your own log level for your packages -->
    <logger name="eu.tsystems.mms.my.package">
        <level value="DEBUG" />
    </logger>
</log4j:configuration>
